<?xml version="1.0" encoding="UTF-8"?>
<!-- Generated by org.testng.reporters.JUnitReportReporter -->
<testsuite skipped="0" hostname="B15-IT-JYOTI" name="test.ClientTest" tests="1" failures="0" timestamp="11 Sep 2019 16:25:06 GMT" time="5.934" errors="0">
  <testcase name="openBrowser" time="5.934" classname="test.ClientTest"/>
</testsuite> <!-- test.ClientTest -->
