<?xml version="1.0" encoding="UTF-8"?>
<!-- Generated by org.testng.reporters.JUnitReportReporter -->
<testsuite skipped="0" hostname="B15-IT-JYOTI" name="makemytrip.MmtLogin" tests="1" failures="0" timestamp="26 Sep 2019 10:27:49 GMT" time="4.248" errors="0">
  <testcase name="selectDate" time="4.248" classname="makemytrip.MmtLogin"/>
</testsuite> <!-- makemytrip.MmtLogin -->
